<?xml version="1.0" encoding="UTF-8"?>
<testsuite name="com.example.moat.springboot.web.dto.HelloResponseDtoTest" tests="1" skipped="0" failures="0" errors="0" timestamp="2021-01-19T12:31:06" hostname="labtiger" time="0.04">
  <properties/>
  <testcase name="룸복_기능_테스트" classname="com.example.moat.springboot.web.dto.HelloResponseDtoTest" time="0.04"/>
  <system-out><![CDATA[]]></system-out>
  <system-err><![CDATA[]]></system-err>
</testsuite>
